CRITICAL - 2021-04-13 08:18:27 --> Undefined variable: data
#0 G:\xampp\htdocs\ekinerja\app\Controllers\Backend\EntrianData\PeriodeSKP.php(40): CodeIgniter\Debug\Exceptions->errorHandler(8, 'Undefined varia...', 'G:\\xampp\\htdocs...', 40, Array)
#1 G:\xampp\htdocs\ekinerja\system\CodeIgniter.php(936): App\Controllers\Backend\EntrianData\PeriodeSKP->add()
#2 G:\xampp\htdocs\ekinerja\system\CodeIgniter.php(432): CodeIgniter\CodeIgniter->runController(Object(App\Controllers\Backend\EntrianData\PeriodeSKP))
#3 G:\xampp\htdocs\ekinerja\system\CodeIgniter.php(333): CodeIgniter\CodeIgniter->handleRequest(NULL, Object(Config\Cache), false)
#4 G:\xampp\htdocs\ekinerja\index.php(45): CodeIgniter\CodeIgniter->run()
#5 {main}
CRITICAL - 2021-04-13 08:28:03 --> entry filter must have a matching alias defined.
#0 G:\xampp\htdocs\ekinerja\system\Filters\Filters.php(354): CodeIgniter\Filters\Exceptions\FilterException::forNoAlias('entry')
#1 G:\xampp\htdocs\ekinerja\system\CodeIgniter.php(394): CodeIgniter\Filters\Filters->enableFilter('entry', 'before')
#2 G:\xampp\htdocs\ekinerja\system\CodeIgniter.php(333): CodeIgniter\CodeIgniter->handleRequest(NULL, Object(Config\Cache), false)
#3 G:\xampp\htdocs\ekinerja\index.php(45): CodeIgniter\CodeIgniter->run()
#4 {main}
CRITICAL - 2021-04-13 08:35:52 --> There is no data to update.
#0 G:\xampp\htdocs\ekinerja\system\BaseModel.php(880): CodeIgniter\Database\Exceptions\DataException::forEmptyDataset('update')
#1 G:\xampp\htdocs\ekinerja\system\Model.php(737): CodeIgniter\BaseModel->update(Array, Array)
#2 G:\xampp\htdocs\ekinerja\app\Controllers\Backend\EntrianData\PeriodeSKP.php(85): CodeIgniter\Model->update('2', Array)
#3 G:\xampp\htdocs\ekinerja\system\CodeIgniter.php(936): App\Controllers\Backend\EntrianData\PeriodeSKP->default()
#4 G:\xampp\htdocs\ekinerja\system\CodeIgniter.php(432): CodeIgniter\CodeIgniter->runController(Object(App\Controllers\Backend\EntrianData\PeriodeSKP))
#5 G:\xampp\htdocs\ekinerja\system\CodeIgniter.php(333): CodeIgniter\CodeIgniter->handleRequest(NULL, Object(Config\Cache), false)
#6 G:\xampp\htdocs\ekinerja\index.php(45): CodeIgniter\CodeIgniter->run()
#7 {main}
CRITICAL - 2021-04-13 08:36:02 --> There is no data to update.
#0 G:\xampp\htdocs\ekinerja\system\BaseModel.php(880): CodeIgniter\Database\Exceptions\DataException::forEmptyDataset('update')
#1 G:\xampp\htdocs\ekinerja\system\Model.php(737): CodeIgniter\BaseModel->update(Array, Array)
#2 G:\xampp\htdocs\ekinerja\app\Controllers\Backend\EntrianData\PeriodeSKP.php(85): CodeIgniter\Model->update('2', Array)
#3 G:\xampp\htdocs\ekinerja\system\CodeIgniter.php(936): App\Controllers\Backend\EntrianData\PeriodeSKP->default()
#4 G:\xampp\htdocs\ekinerja\system\CodeIgniter.php(432): CodeIgniter\CodeIgniter->runController(Object(App\Controllers\Backend\EntrianData\PeriodeSKP))
#5 G:\xampp\htdocs\ekinerja\system\CodeIgniter.php(333): CodeIgniter\CodeIgniter->handleRequest(NULL, Object(Config\Cache), false)
#6 G:\xampp\htdocs\ekinerja\index.php(45): CodeIgniter\CodeIgniter->run()
#7 {main}
CRITICAL - 2021-04-13 08:41:34 --> Undefined index: periode_awal
#0 G:\xampp\htdocs\ekinerja\app\Views\backend\entrian-data\periode-skp\page-edit.php(11): CodeIgniter\Debug\Exceptions->errorHandler(8, 'Undefined index...', 'G:\\xampp\\htdocs...', 11, Array)
#1 G:\xampp\htdocs\ekinerja\system\View\View.php(220): include('G:\\xampp\\htdocs...')
#2 G:\xampp\htdocs\ekinerja\system\View\View.php(222): CodeIgniter\View\View->CodeIgniter\View\{closure}()
#3 G:\xampp\htdocs\ekinerja\system\Common.php(1217): CodeIgniter\View\View->render('backend/entrian...', Array, true)
#4 G:\xampp\htdocs\ekinerja\app\Controllers\Backend\EntrianData\PeriodeSKP.php(72): view('backend/entrian...', Array)
#5 G:\xampp\htdocs\ekinerja\system\CodeIgniter.php(936): App\Controllers\Backend\EntrianData\PeriodeSKP->edit()
#6 G:\xampp\htdocs\ekinerja\system\CodeIgniter.php(432): CodeIgniter\CodeIgniter->runController(Object(App\Controllers\Backend\EntrianData\PeriodeSKP))
#7 G:\xampp\htdocs\ekinerja\system\CodeIgniter.php(333): CodeIgniter\CodeIgniter->handleRequest(NULL, Object(Config\Cache), false)
#8 G:\xampp\htdocs\ekinerja\index.php(45): CodeIgniter\CodeIgniter->run()
#9 {main}
CRITICAL - 2021-04-13 08:43:23 --> Undefined variable: data
#0 G:\xampp\htdocs\ekinerja\app\Views\backend\entrian-data\periode-skp\page-edit.php(11): CodeIgniter\Debug\Exceptions->errorHandler(8, 'Undefined varia...', 'G:\\xampp\\htdocs...', 11, Array)
#1 G:\xampp\htdocs\ekinerja\system\View\View.php(220): include('G:\\xampp\\htdocs...')
#2 G:\xampp\htdocs\ekinerja\system\View\View.php(222): CodeIgniter\View\View->CodeIgniter\View\{closure}()
#3 G:\xampp\htdocs\ekinerja\system\Common.php(1217): CodeIgniter\View\View->render('backend/entrian...', Array, true)
#4 G:\xampp\htdocs\ekinerja\app\Controllers\Backend\EntrianData\PeriodeSKP.php(72): view('backend/entrian...', Array)
#5 G:\xampp\htdocs\ekinerja\system\CodeIgniter.php(936): App\Controllers\Backend\EntrianData\PeriodeSKP->edit()
#6 G:\xampp\htdocs\ekinerja\system\CodeIgniter.php(432): CodeIgniter\CodeIgniter->runController(Object(App\Controllers\Backend\EntrianData\PeriodeSKP))
#7 G:\xampp\htdocs\ekinerja\system\CodeIgniter.php(333): CodeIgniter\CodeIgniter->handleRequest(NULL, Object(Config\Cache), false)
#8 G:\xampp\htdocs\ekinerja\index.php(45): CodeIgniter\CodeIgniter->run()
#9 {main}
CRITICAL - 2021-04-13 09:33:18 --> Table 'ekinerja.susunan_skp' doesn't exist
#0 G:\xampp\htdocs\ekinerja\system\Database\MySQLi\Connection.php(314): mysqli->query('SELECT *\nFROM `...')
#1 G:\xampp\htdocs\ekinerja\system\Database\BaseConnection.php(713): CodeIgniter\Database\MySQLi\Connection->execute('SELECT *\nFROM `...')
#2 G:\xampp\htdocs\ekinerja\system\Database\BaseConnection.php(641): CodeIgniter\Database\BaseConnection->simpleQuery('SELECT *\nFROM `...')
#3 G:\xampp\htdocs\ekinerja\system\Database\BaseBuilder.php(1866): CodeIgniter\Database\BaseConnection->query('SELECT *\nFROM `...', Array, false)
#4 G:\xampp\htdocs\ekinerja\system\Model.php(174): CodeIgniter\Database\BaseBuilder->get()
#5 G:\xampp\htdocs\ekinerja\system\BaseModel.php(518): CodeIgniter\Model->doFind(false, NULL)
#6 G:\xampp\htdocs\ekinerja\app\Models\EntrianData\SusunanSKPModel.php(47): CodeIgniter\BaseModel->find()
#7 G:\xampp\htdocs\ekinerja\app\Controllers\Backend\EntrianData\SusunanSKP.php(25): App\Models\EntrianData\SusunanSKPModel->get(Array)
#8 G:\xampp\htdocs\ekinerja\system\CodeIgniter.php(936): App\Controllers\Backend\EntrianData\SusunanSKP->index()
#9 G:\xampp\htdocs\ekinerja\system\CodeIgniter.php(432): CodeIgniter\CodeIgniter->runController(Object(App\Controllers\Backend\EntrianData\SusunanSKP))
#10 G:\xampp\htdocs\ekinerja\system\CodeIgniter.php(333): CodeIgniter\CodeIgniter->handleRequest(NULL, Object(Config\Cache), false)
#11 G:\xampp\htdocs\ekinerja\index.php(45): CodeIgniter\CodeIgniter->run()
#12 {main}
CRITICAL - 2021-04-13 09:33:35 --> Unknown column 'susunan_skp.deleted_at' in 'where clause'
#0 G:\xampp\htdocs\ekinerja\system\Database\MySQLi\Connection.php(314): mysqli->query('SELECT *\nFROM `...')
#1 G:\xampp\htdocs\ekinerja\system\Database\BaseConnection.php(713): CodeIgniter\Database\MySQLi\Connection->execute('SELECT *\nFROM `...')
#2 G:\xampp\htdocs\ekinerja\system\Database\BaseConnection.php(641): CodeIgniter\Database\BaseConnection->simpleQuery('SELECT *\nFROM `...')
#3 G:\xampp\htdocs\ekinerja\system\Database\BaseBuilder.php(1866): CodeIgniter\Database\BaseConnection->query('SELECT *\nFROM `...', Array, false)
#4 G:\xampp\htdocs\ekinerja\system\Model.php(174): CodeIgniter\Database\BaseBuilder->get()
#5 G:\xampp\htdocs\ekinerja\system\BaseModel.php(518): CodeIgniter\Model->doFind(false, NULL)
#6 G:\xampp\htdocs\ekinerja\app\Models\EntrianData\SusunanSKPModel.php(47): CodeIgniter\BaseModel->find()
#7 G:\xampp\htdocs\ekinerja\app\Controllers\Backend\EntrianData\SusunanSKP.php(25): App\Models\EntrianData\SusunanSKPModel->get(Array)
#8 G:\xampp\htdocs\ekinerja\system\CodeIgniter.php(936): App\Controllers\Backend\EntrianData\SusunanSKP->index()
#9 G:\xampp\htdocs\ekinerja\system\CodeIgniter.php(432): CodeIgniter\CodeIgniter->runController(Object(App\Controllers\Backend\EntrianData\SusunanSKP))
#10 G:\xampp\htdocs\ekinerja\system\CodeIgniter.php(333): CodeIgniter\CodeIgniter->handleRequest(NULL, Object(Config\Cache), false)
#11 G:\xampp\htdocs\ekinerja\index.php(45): CodeIgniter\CodeIgniter->run()
#12 {main}
CRITICAL - 2021-04-13 10:54:45 --> Call to undefined method CodeIgniter\Database\MySQLi\Result::resultArray()
#0 G:\xampp\htdocs\ekinerja\system\CodeIgniter.php(936): App\Controllers\Backend\EntrianData\SusunanSKP->add()
#1 G:\xampp\htdocs\ekinerja\system\CodeIgniter.php(432): CodeIgniter\CodeIgniter->runController(Object(App\Controllers\Backend\EntrianData\SusunanSKP))
#2 G:\xampp\htdocs\ekinerja\system\CodeIgniter.php(333): CodeIgniter\CodeIgniter->handleRequest(NULL, Object(Config\Cache), false)
#3 G:\xampp\htdocs\ekinerja\index.php(45): CodeIgniter\CodeIgniter->run()
#4 {main}
CRITICAL - 2021-04-13 10:55:00 --> Call to undefined method CodeIgniter\Database\MySQLi\Builder::resultArray()
#0 G:\xampp\htdocs\ekinerja\system\CodeIgniter.php(936): App\Controllers\Backend\EntrianData\SusunanSKP->add()
#1 G:\xampp\htdocs\ekinerja\system\CodeIgniter.php(432): CodeIgniter\CodeIgniter->runController(Object(App\Controllers\Backend\EntrianData\SusunanSKP))
#2 G:\xampp\htdocs\ekinerja\system\CodeIgniter.php(333): CodeIgniter\CodeIgniter->handleRequest(NULL, Object(Config\Cache), false)
#3 G:\xampp\htdocs\ekinerja\index.php(45): CodeIgniter\CodeIgniter->run()
#4 {main}
CRITICAL - 2021-04-13 11:10:19 --> Unknown column 'susunan_id' in 'where clause'
#0 G:\xampp\htdocs\ekinerja\system\Database\MySQLi\Connection.php(314): mysqli->query('SELECT *\nFROM `...')
#1 G:\xampp\htdocs\ekinerja\system\Database\BaseConnection.php(713): CodeIgniter\Database\MySQLi\Connection->execute('SELECT *\nFROM `...')
#2 G:\xampp\htdocs\ekinerja\system\Database\BaseConnection.php(641): CodeIgniter\Database\BaseConnection->simpleQuery('SELECT *\nFROM `...')
#3 G:\xampp\htdocs\ekinerja\system\Database\BaseBuilder.php(1866): CodeIgniter\Database\BaseConnection->query('SELECT *\nFROM `...', Array, false)
#4 G:\xampp\htdocs\ekinerja\system\Model.php(174): CodeIgniter\Database\BaseBuilder->get()
#5 G:\xampp\htdocs\ekinerja\system\BaseModel.php(518): CodeIgniter\Model->doFind(false, NULL)
#6 G:\xampp\htdocs\ekinerja\app\Models\EntrianData\SusunanSKPModel.php(47): CodeIgniter\BaseModel->find()
#7 G:\xampp\htdocs\ekinerja\app\Controllers\Backend\EntrianData\SusunanSKP.php(83): App\Models\EntrianData\SusunanSKPModel->get(Array)
#8 G:\xampp\htdocs\ekinerja\system\CodeIgniter.php(936): App\Controllers\Backend\EntrianData\SusunanSKP->edit()
#9 G:\xampp\htdocs\ekinerja\system\CodeIgniter.php(432): CodeIgniter\CodeIgniter->runController(Object(App\Controllers\Backend\EntrianData\SusunanSKP))
#10 G:\xampp\htdocs\ekinerja\system\CodeIgniter.php(333): CodeIgniter\CodeIgniter->handleRequest(NULL, Object(Config\Cache), false)
#11 G:\xampp\htdocs\ekinerja\index.php(45): CodeIgniter\CodeIgniter->run()
#12 {main}
CRITICAL - 2021-04-13 11:10:40 --> Undefined variable: periode
#0 G:\xampp\htdocs\ekinerja\app\Views\backend\entrian-data\susunan-skp\page-edit.php(12): CodeIgniter\Debug\Exceptions->errorHandler(8, 'Undefined varia...', 'G:\\xampp\\htdocs...', 12, Array)
#1 G:\xampp\htdocs\ekinerja\system\View\View.php(220): include('G:\\xampp\\htdocs...')
#2 G:\xampp\htdocs\ekinerja\system\View\View.php(222): CodeIgniter\View\View->CodeIgniter\View\{closure}()
#3 G:\xampp\htdocs\ekinerja\system\Common.php(1217): CodeIgniter\View\View->render('backend/entrian...', Array, true)
#4 G:\xampp\htdocs\ekinerja\app\Controllers\Backend\EntrianData\SusunanSKP.php(98): view('backend/entrian...', Array)
#5 G:\xampp\htdocs\ekinerja\system\CodeIgniter.php(936): App\Controllers\Backend\EntrianData\SusunanSKP->edit()
#6 G:\xampp\htdocs\ekinerja\system\CodeIgniter.php(432): CodeIgniter\CodeIgniter->runController(Object(App\Controllers\Backend\EntrianData\SusunanSKP))
#7 G:\xampp\htdocs\ekinerja\system\CodeIgniter.php(333): CodeIgniter\CodeIgniter->handleRequest(NULL, Object(Config\Cache), false)
#8 G:\xampp\htdocs\ekinerja\index.php(45): CodeIgniter\CodeIgniter->run()
#9 {main}
CRITICAL - 2021-04-13 11:15:09 --> Undefined index: skpd_id
#0 G:\xampp\htdocs\ekinerja\app\Views\backend\entrian-data\susunan-skp\page-edit.php(8): CodeIgniter\Debug\Exceptions->errorHandler(8, 'Undefined index...', 'G:\\xampp\\htdocs...', 8, Array)
#1 G:\xampp\htdocs\ekinerja\system\View\View.php(220): include('G:\\xampp\\htdocs...')
#2 G:\xampp\htdocs\ekinerja\system\View\View.php(222): CodeIgniter\View\View->CodeIgniter\View\{closure}()
#3 G:\xampp\htdocs\ekinerja\system\Common.php(1217): CodeIgniter\View\View->render('backend/entrian...', Array, true)
#4 G:\xampp\htdocs\ekinerja\app\Controllers\Backend\EntrianData\SusunanSKP.php(101): view('backend/entrian...', Array)
#5 G:\xampp\htdocs\ekinerja\system\CodeIgniter.php(936): App\Controllers\Backend\EntrianData\SusunanSKP->edit()
#6 G:\xampp\htdocs\ekinerja\system\CodeIgniter.php(432): CodeIgniter\CodeIgniter->runController(Object(App\Controllers\Backend\EntrianData\SusunanSKP))
#7 G:\xampp\htdocs\ekinerja\system\CodeIgniter.php(333): CodeIgniter\CodeIgniter->handleRequest(NULL, Object(Config\Cache), false)
#8 G:\xampp\htdocs\ekinerja\index.php(45): CodeIgniter\CodeIgniter->run()
#9 {main}
