CRITICAL - 2021-05-06 08:30:15 --> There is no data to update.
#0 G:\xampp\htdocs\sicakap\system\BaseModel.php(880): CodeIgniter\Database\Exceptions\DataException::forEmptyDataset('update')
#1 G:\xampp\htdocs\sicakap\system\Model.php(737): CodeIgniter\BaseModel->update(Array, Array)
#2 G:\xampp\htdocs\sicakap\app\Controllers\Backend\Penilaian\Review.php(137): CodeIgniter\Model->update('18', Array)
#3 G:\xampp\htdocs\sicakap\system\CodeIgniter.php(936): App\Controllers\Backend\Penilaian\Review->kirimPesan()
#4 G:\xampp\htdocs\sicakap\system\CodeIgniter.php(432): CodeIgniter\CodeIgniter->runController(Object(App\Controllers\Backend\Penilaian\Review))
#5 G:\xampp\htdocs\sicakap\system\CodeIgniter.php(333): CodeIgniter\CodeIgniter->handleRequest(NULL, Object(Config\Cache), false)
#6 G:\xampp\htdocs\sicakap\index.php(45): CodeIgniter\CodeIgniter->run()
#7 {main}
CRITICAL - 2021-05-06 08:31:09 --> There is no data to update.
#0 G:\xampp\htdocs\sicakap\system\BaseModel.php(880): CodeIgniter\Database\Exceptions\DataException::forEmptyDataset('update')
#1 G:\xampp\htdocs\sicakap\system\Model.php(737): CodeIgniter\BaseModel->update(Array, Array)
#2 G:\xampp\htdocs\sicakap\app\Controllers\Backend\Penilaian\Review.php(137): CodeIgniter\Model->update('18', Array)
#3 G:\xampp\htdocs\sicakap\system\CodeIgniter.php(936): App\Controllers\Backend\Penilaian\Review->kirimPesan()
#4 G:\xampp\htdocs\sicakap\system\CodeIgniter.php(432): CodeIgniter\CodeIgniter->runController(Object(App\Controllers\Backend\Penilaian\Review))
#5 G:\xampp\htdocs\sicakap\system\CodeIgniter.php(333): CodeIgniter\CodeIgniter->handleRequest(NULL, Object(Config\Cache), false)
#6 G:\xampp\htdocs\sicakap\index.php(45): CodeIgniter\CodeIgniter->run()
#7 {main}
CRITICAL - 2021-05-06 09:08:39 --> Undefined index: periode_akhir
#0 G:\xampp\htdocs\sicakap\app\Controllers\Backend\Penilaian\Review.php(48): CodeIgniter\Debug\Exceptions->errorHandler(8, 'Undefined index...', 'G:\\xampp\\htdocs...', 48, Array)
#1 G:\xampp\htdocs\sicakap\system\CodeIgniter.php(936): App\Controllers\Backend\Penilaian\Review->index()
#2 G:\xampp\htdocs\sicakap\system\CodeIgniter.php(432): CodeIgniter\CodeIgniter->runController(Object(App\Controllers\Backend\Penilaian\Review))
#3 G:\xampp\htdocs\sicakap\system\CodeIgniter.php(333): CodeIgniter\CodeIgniter->handleRequest(NULL, Object(Config\Cache), false)
#4 G:\xampp\htdocs\sicakap\index.php(45): CodeIgniter\CodeIgniter->run()
#5 {main}
