CRITICAL - 2021-05-04 08:38:54 --> Undefined offset: 0
#0 G:\xampp\htdocs\sicakap\app\Controllers\Backend\Penilaian\PerilakuKerja.php(101): CodeIgniter\Debug\Exceptions->errorHandler(8, 'Undefined offse...', 'G:\\xampp\\htdocs...', 101, Array)
#1 G:\xampp\htdocs\sicakap\system\CodeIgniter.php(936): App\Controllers\Backend\Penilaian\PerilakuKerja->setNilai()
#2 G:\xampp\htdocs\sicakap\system\CodeIgniter.php(432): CodeIgniter\CodeIgniter->runController(Object(App\Controllers\Backend\Penilaian\PerilakuKerja))
#3 G:\xampp\htdocs\sicakap\system\CodeIgniter.php(333): CodeIgniter\CodeIgniter->handleRequest(NULL, Object(Config\Cache), false)
#4 G:\xampp\htdocs\sicakap\index.php(45): CodeIgniter\CodeIgniter->run()
#5 {main}
CRITICAL - 2021-05-04 08:38:55 --> Undefined offset: 0
#0 G:\xampp\htdocs\sicakap\app\Controllers\Backend\Penilaian\PerilakuKerja.php(101): CodeIgniter\Debug\Exceptions->errorHandler(8, 'Undefined offse...', 'G:\\xampp\\htdocs...', 101, Array)
#1 G:\xampp\htdocs\sicakap\system\CodeIgniter.php(936): App\Controllers\Backend\Penilaian\PerilakuKerja->setNilai()
#2 G:\xampp\htdocs\sicakap\system\CodeIgniter.php(432): CodeIgniter\CodeIgniter->runController(Object(App\Controllers\Backend\Penilaian\PerilakuKerja))
#3 G:\xampp\htdocs\sicakap\system\CodeIgniter.php(333): CodeIgniter\CodeIgniter->handleRequest(NULL, Object(Config\Cache), false)
#4 G:\xampp\htdocs\sicakap\index.php(45): CodeIgniter\CodeIgniter->run()
#5 {main}
CRITICAL - 2021-05-04 08:38:59 --> Undefined offset: 0
#0 G:\xampp\htdocs\sicakap\app\Controllers\Backend\Penilaian\PerilakuKerja.php(101): CodeIgniter\Debug\Exceptions->errorHandler(8, 'Undefined offse...', 'G:\\xampp\\htdocs...', 101, Array)
#1 G:\xampp\htdocs\sicakap\system\CodeIgniter.php(936): App\Controllers\Backend\Penilaian\PerilakuKerja->setNilai()
#2 G:\xampp\htdocs\sicakap\system\CodeIgniter.php(432): CodeIgniter\CodeIgniter->runController(Object(App\Controllers\Backend\Penilaian\PerilakuKerja))
#3 G:\xampp\htdocs\sicakap\system\CodeIgniter.php(333): CodeIgniter\CodeIgniter->handleRequest(NULL, Object(Config\Cache), false)
#4 G:\xampp\htdocs\sicakap\index.php(45): CodeIgniter\CodeIgniter->run()
#5 {main}
CRITICAL - 2021-05-04 08:45:05 --> Undefined offset: 0
#0 G:\xampp\htdocs\sicakap\app\Controllers\Backend\Penilaian\PerilakuKerja.php(101): CodeIgniter\Debug\Exceptions->errorHandler(8, 'Undefined offse...', 'G:\\xampp\\htdocs...', 101, Array)
#1 G:\xampp\htdocs\sicakap\system\CodeIgniter.php(936): App\Controllers\Backend\Penilaian\PerilakuKerja->setNilai()
#2 G:\xampp\htdocs\sicakap\system\CodeIgniter.php(432): CodeIgniter\CodeIgniter->runController(Object(App\Controllers\Backend\Penilaian\PerilakuKerja))
#3 G:\xampp\htdocs\sicakap\system\CodeIgniter.php(333): CodeIgniter\CodeIgniter->handleRequest(NULL, Object(Config\Cache), false)
#4 G:\xampp\htdocs\sicakap\index.php(45): CodeIgniter\CodeIgniter->run()
#5 {main}
CRITICAL - 2021-05-04 08:45:13 --> Undefined offset: 0
#0 G:\xampp\htdocs\sicakap\app\Controllers\Backend\Penilaian\PerilakuKerja.php(106): CodeIgniter\Debug\Exceptions->errorHandler(8, 'Undefined offse...', 'G:\\xampp\\htdocs...', 106, Array)
#1 G:\xampp\htdocs\sicakap\system\CodeIgniter.php(936): App\Controllers\Backend\Penilaian\PerilakuKerja->setNilai()
#2 G:\xampp\htdocs\sicakap\system\CodeIgniter.php(432): CodeIgniter\CodeIgniter->runController(Object(App\Controllers\Backend\Penilaian\PerilakuKerja))
#3 G:\xampp\htdocs\sicakap\system\CodeIgniter.php(333): CodeIgniter\CodeIgniter->handleRequest(NULL, Object(Config\Cache), false)
#4 G:\xampp\htdocs\sicakap\index.php(45): CodeIgniter\CodeIgniter->run()
#5 {main}
CRITICAL - 2021-05-04 08:45:13 --> Undefined offset: 0
#0 G:\xampp\htdocs\sicakap\app\Controllers\Backend\Penilaian\PerilakuKerja.php(106): CodeIgniter\Debug\Exceptions->errorHandler(8, 'Undefined offse...', 'G:\\xampp\\htdocs...', 106, Array)
#1 G:\xampp\htdocs\sicakap\system\CodeIgniter.php(936): App\Controllers\Backend\Penilaian\PerilakuKerja->setNilai()
#2 G:\xampp\htdocs\sicakap\system\CodeIgniter.php(432): CodeIgniter\CodeIgniter->runController(Object(App\Controllers\Backend\Penilaian\PerilakuKerja))
#3 G:\xampp\htdocs\sicakap\system\CodeIgniter.php(333): CodeIgniter\CodeIgniter->handleRequest(NULL, Object(Config\Cache), false)
#4 G:\xampp\htdocs\sicakap\index.php(45): CodeIgniter\CodeIgniter->run()
#5 {main}
CRITICAL - 2021-05-04 08:45:14 --> Undefined offset: 0
#0 G:\xampp\htdocs\sicakap\app\Controllers\Backend\Penilaian\PerilakuKerja.php(106): CodeIgniter\Debug\Exceptions->errorHandler(8, 'Undefined offse...', 'G:\\xampp\\htdocs...', 106, Array)
#1 G:\xampp\htdocs\sicakap\system\CodeIgniter.php(936): App\Controllers\Backend\Penilaian\PerilakuKerja->setNilai()
#2 G:\xampp\htdocs\sicakap\system\CodeIgniter.php(432): CodeIgniter\CodeIgniter->runController(Object(App\Controllers\Backend\Penilaian\PerilakuKerja))
#3 G:\xampp\htdocs\sicakap\system\CodeIgniter.php(333): CodeIgniter\CodeIgniter->handleRequest(NULL, Object(Config\Cache), false)
#4 G:\xampp\htdocs\sicakap\index.php(45): CodeIgniter\CodeIgniter->run()
#5 {main}
CRITICAL - 2021-05-04 08:46:30 --> Undefined offset: 0
#0 G:\xampp\htdocs\sicakap\app\Controllers\Backend\Penilaian\PerilakuKerja.php(101): CodeIgniter\Debug\Exceptions->errorHandler(8, 'Undefined offse...', 'G:\\xampp\\htdocs...', 101, Array)
#1 G:\xampp\htdocs\sicakap\system\CodeIgniter.php(936): App\Controllers\Backend\Penilaian\PerilakuKerja->setNilai()
#2 G:\xampp\htdocs\sicakap\system\CodeIgniter.php(432): CodeIgniter\CodeIgniter->runController(Object(App\Controllers\Backend\Penilaian\PerilakuKerja))
#3 G:\xampp\htdocs\sicakap\system\CodeIgniter.php(333): CodeIgniter\CodeIgniter->handleRequest(NULL, Object(Config\Cache), false)
#4 G:\xampp\htdocs\sicakap\index.php(45): CodeIgniter\CodeIgniter->run()
#5 {main}
CRITICAL - 2021-05-04 08:54:35 --> Undefined offset: 0
#0 G:\xampp\htdocs\sicakap\app\Controllers\Backend\Penilaian\PerilakuKerja.php(101): CodeIgniter\Debug\Exceptions->errorHandler(8, 'Undefined offse...', 'G:\\xampp\\htdocs...', 101, Array)
#1 G:\xampp\htdocs\sicakap\system\CodeIgniter.php(936): App\Controllers\Backend\Penilaian\PerilakuKerja->setNilai()
#2 G:\xampp\htdocs\sicakap\system\CodeIgniter.php(432): CodeIgniter\CodeIgniter->runController(Object(App\Controllers\Backend\Penilaian\PerilakuKerja))
#3 G:\xampp\htdocs\sicakap\system\CodeIgniter.php(333): CodeIgniter\CodeIgniter->handleRequest(NULL, Object(Config\Cache), false)
#4 G:\xampp\htdocs\sicakap\index.php(45): CodeIgniter\CodeIgniter->run()
#5 {main}
CRITICAL - 2021-05-04 08:55:31 --> Undefined offset: 0
#0 G:\xampp\htdocs\sicakap\app\Controllers\Backend\Penilaian\PerilakuKerja.php(101): CodeIgniter\Debug\Exceptions->errorHandler(8, 'Undefined offse...', 'G:\\xampp\\htdocs...', 101, Array)
#1 G:\xampp\htdocs\sicakap\system\CodeIgniter.php(936): App\Controllers\Backend\Penilaian\PerilakuKerja->setNilai()
#2 G:\xampp\htdocs\sicakap\system\CodeIgniter.php(432): CodeIgniter\CodeIgniter->runController(Object(App\Controllers\Backend\Penilaian\PerilakuKerja))
#3 G:\xampp\htdocs\sicakap\system\CodeIgniter.php(333): CodeIgniter\CodeIgniter->handleRequest(NULL, Object(Config\Cache), false)
#4 G:\xampp\htdocs\sicakap\index.php(45): CodeIgniter\CodeIgniter->run()
#5 {main}
CRITICAL - 2021-05-04 08:56:52 --> Undefined offset: 0
#0 G:\xampp\htdocs\sicakap\app\Controllers\Backend\Penilaian\PerilakuKerja.php(101): CodeIgniter\Debug\Exceptions->errorHandler(8, 'Undefined offse...', 'G:\\xampp\\htdocs...', 101, Array)
#1 G:\xampp\htdocs\sicakap\system\CodeIgniter.php(936): App\Controllers\Backend\Penilaian\PerilakuKerja->setNilai()
#2 G:\xampp\htdocs\sicakap\system\CodeIgniter.php(432): CodeIgniter\CodeIgniter->runController(Object(App\Controllers\Backend\Penilaian\PerilakuKerja))
#3 G:\xampp\htdocs\sicakap\system\CodeIgniter.php(333): CodeIgniter\CodeIgniter->handleRequest(NULL, Object(Config\Cache), false)
#4 G:\xampp\htdocs\sicakap\index.php(45): CodeIgniter\CodeIgniter->run()
#5 {main}
CRITICAL - 2021-05-04 09:20:05 --> Undefined offset: 0
#0 G:\xampp\htdocs\sicakap\app\Controllers\Backend\Penilaian\PerilakuKerja.php(101): CodeIgniter\Debug\Exceptions->errorHandler(8, 'Undefined offse...', 'G:\\xampp\\htdocs...', 101, Array)
#1 G:\xampp\htdocs\sicakap\system\CodeIgniter.php(936): App\Controllers\Backend\Penilaian\PerilakuKerja->setNilai()
#2 G:\xampp\htdocs\sicakap\system\CodeIgniter.php(432): CodeIgniter\CodeIgniter->runController(Object(App\Controllers\Backend\Penilaian\PerilakuKerja))
#3 G:\xampp\htdocs\sicakap\system\CodeIgniter.php(333): CodeIgniter\CodeIgniter->handleRequest(NULL, Object(Config\Cache), false)
#4 G:\xampp\htdocs\sicakap\index.php(45): CodeIgniter\CodeIgniter->run()
#5 {main}
