CRITICAL - 2021-05-05 08:24:53 --> Unknown column 'pejabat_penilai' in 'where clause'
#0 G:\xampp\htdocs\sicakap\system\Database\MySQLi\Connection.php(314): mysqli->query('SELECT *\nFROM `...')
#1 G:\xampp\htdocs\sicakap\system\Database\BaseConnection.php(713): CodeIgniter\Database\MySQLi\Connection->execute('SELECT *\nFROM `...')
#2 G:\xampp\htdocs\sicakap\system\Database\BaseConnection.php(641): CodeIgniter\Database\BaseConnection->simpleQuery('SELECT *\nFROM `...')
#3 G:\xampp\htdocs\sicakap\system\Database\BaseBuilder.php(1866): CodeIgniter\Database\BaseConnection->query('SELECT *\nFROM `...', Array, false)
#4 G:\xampp\htdocs\sicakap\system\Model.php(213): CodeIgniter\Database\BaseBuilder->get()
#5 G:\xampp\htdocs\sicakap\system\BaseModel.php(583): CodeIgniter\Model->doFindAll(0, 0)
#6 G:\xampp\htdocs\sicakap\app\Models\EntrianData\PeriodeSKPModel.php(76): CodeIgniter\BaseModel->findAll()
#7 G:\xampp\htdocs\sicakap\app\Controllers\Backend\Penilaian\Review.php(25): App\Models\EntrianData\PeriodeSKPModel->get()
#8 G:\xampp\htdocs\sicakap\system\CodeIgniter.php(936): App\Controllers\Backend\Penilaian\Review->index()
#9 G:\xampp\htdocs\sicakap\system\CodeIgniter.php(432): CodeIgniter\CodeIgniter->runController(Object(App\Controllers\Backend\Penilaian\Review))
#10 G:\xampp\htdocs\sicakap\system\CodeIgniter.php(333): CodeIgniter\CodeIgniter->handleRequest(NULL, Object(Config\Cache), false)
#11 G:\xampp\htdocs\sicakap\index.php(45): CodeIgniter\CodeIgniter->run()
#12 {main}
CRITICAL - 2021-05-05 08:25:18 --> Undefined variable: periode_terpilih
#0 G:\xampp\htdocs\sicakap\app\Views\backend\penilaian\review\page-index.php(7): CodeIgniter\Debug\Exceptions->errorHandler(8, 'Undefined varia...', 'G:\\xampp\\htdocs...', 7, Array)
#1 G:\xampp\htdocs\sicakap\system\View\View.php(220): include('G:\\xampp\\htdocs...')
#2 G:\xampp\htdocs\sicakap\system\View\View.php(222): CodeIgniter\View\View->CodeIgniter\View\{closure}()
#3 G:\xampp\htdocs\sicakap\system\Common.php(1217): CodeIgniter\View\View->render('backend/penilai...', Array, true)
#4 G:\xampp\htdocs\sicakap\app\Controllers\Backend\Penilaian\Review.php(27): view('backend/penilai...', Array)
#5 G:\xampp\htdocs\sicakap\system\CodeIgniter.php(936): App\Controllers\Backend\Penilaian\Review->index()
#6 G:\xampp\htdocs\sicakap\system\CodeIgniter.php(432): CodeIgniter\CodeIgniter->runController(Object(App\Controllers\Backend\Penilaian\Review))
#7 G:\xampp\htdocs\sicakap\system\CodeIgniter.php(333): CodeIgniter\CodeIgniter->handleRequest(NULL, Object(Config\Cache), false)
#8 G:\xampp\htdocs\sicakap\index.php(45): CodeIgniter\CodeIgniter->run()
#9 {main}
CRITICAL - 2021-05-05 11:02:27 --> Undefined index: poin
#0 G:\xampp\htdocs\sicakap\app\Views\backend\penilaian\review\page-index.php(155): CodeIgniter\Debug\Exceptions->errorHandler(8, 'Undefined index...', 'G:\\xampp\\htdocs...', 155, Array)
#1 G:\xampp\htdocs\sicakap\system\View\View.php(220): include('G:\\xampp\\htdocs...')
#2 G:\xampp\htdocs\sicakap\system\View\View.php(222): CodeIgniter\View\View->CodeIgniter\View\{closure}()
#3 G:\xampp\htdocs\sicakap\system\Common.php(1217): CodeIgniter\View\View->render('backend/penilai...', Array, true)
#4 G:\xampp\htdocs\sicakap\app\Controllers\Backend\Penilaian\Review.php(47): view('backend/penilai...', Array)
#5 G:\xampp\htdocs\sicakap\system\CodeIgniter.php(936): App\Controllers\Backend\Penilaian\Review->index()
#6 G:\xampp\htdocs\sicakap\system\CodeIgniter.php(432): CodeIgniter\CodeIgniter->runController(Object(App\Controllers\Backend\Penilaian\Review))
#7 G:\xampp\htdocs\sicakap\system\CodeIgniter.php(333): CodeIgniter\CodeIgniter->handleRequest(NULL, Object(Config\Cache), false)
#8 G:\xampp\htdocs\sicakap\index.php(45): CodeIgniter\CodeIgniter->run()
#9 {main}
CRITICAL - 2021-05-05 11:25:52 --> Undefined variable: tambahan_kreativitas
#0 G:\xampp\htdocs\sicakap\app\Views\backend\penilaian\review\page-index.php(4): CodeIgniter\Debug\Exceptions->errorHandler(8, 'Undefined varia...', 'G:\\xampp\\htdocs...', 4, Array)
#1 G:\xampp\htdocs\sicakap\system\View\View.php(220): include('G:\\xampp\\htdocs...')
#2 G:\xampp\htdocs\sicakap\system\View\View.php(222): CodeIgniter\View\View->CodeIgniter\View\{closure}()
#3 G:\xampp\htdocs\sicakap\system\Common.php(1217): CodeIgniter\View\View->render('backend/penilai...', Array, true)
#4 G:\xampp\htdocs\sicakap\app\Controllers\Backend\Penilaian\Review.php(47): view('backend/penilai...', Array)
#5 G:\xampp\htdocs\sicakap\system\CodeIgniter.php(936): App\Controllers\Backend\Penilaian\Review->index()
#6 G:\xampp\htdocs\sicakap\system\CodeIgniter.php(432): CodeIgniter\CodeIgniter->runController(Object(App\Controllers\Backend\Penilaian\Review))
#7 G:\xampp\htdocs\sicakap\system\CodeIgniter.php(333): CodeIgniter\CodeIgniter->handleRequest(NULL, Object(Config\Cache), false)
#8 G:\xampp\htdocs\sicakap\index.php(45): CodeIgniter\CodeIgniter->run()
#9 {main}
CRITICAL - 2021-05-05 11:27:07 --> Undefined variable: periode_terpilih
#0 G:\xampp\htdocs\sicakap\app\Controllers\Backend\Penilaian\Review.php(48): CodeIgniter\Debug\Exceptions->errorHandler(8, 'Undefined varia...', 'G:\\xampp\\htdocs...', 48, Array)
#1 G:\xampp\htdocs\sicakap\system\CodeIgniter.php(936): App\Controllers\Backend\Penilaian\Review->index()
#2 G:\xampp\htdocs\sicakap\system\CodeIgniter.php(432): CodeIgniter\CodeIgniter->runController(Object(App\Controllers\Backend\Penilaian\Review))
#3 G:\xampp\htdocs\sicakap\system\CodeIgniter.php(333): CodeIgniter\CodeIgniter->handleRequest(NULL, Object(Config\Cache), false)
#4 G:\xampp\htdocs\sicakap\index.php(45): CodeIgniter\CodeIgniter->run()
#5 {main}
CRITICAL - 2021-05-05 13:14:28 --> Undefined variable: sebutan_skp
#0 G:\xampp\htdocs\sicakap\app\Controllers\Backend\Penilaian\Review.php(95): CodeIgniter\Debug\Exceptions->errorHandler(8, 'Undefined varia...', 'G:\\xampp\\htdocs...', 95, Array)
#1 G:\xampp\htdocs\sicakap\system\CodeIgniter.php(936): App\Controllers\Backend\Penilaian\Review->index()
#2 G:\xampp\htdocs\sicakap\system\CodeIgniter.php(432): CodeIgniter\CodeIgniter->runController(Object(App\Controllers\Backend\Penilaian\Review))
#3 G:\xampp\htdocs\sicakap\system\CodeIgniter.php(333): CodeIgniter\CodeIgniter->handleRequest(NULL, Object(Config\Cache), false)
#4 G:\xampp\htdocs\sicakap\index.php(45): CodeIgniter\CodeIgniter->run()
#5 {main}
