CRITICAL - 2020-12-18 23:08:24 --> Class 'App\Models\Models\CusotmerModel' not found
#0 C:\xampp\htdocs\ikswp\system\CodeIgniter.php(890): App\Controllers\Frontend\Home\Main->__construct()
#1 C:\xampp\htdocs\ikswp\system\CodeIgniter.php(399): CodeIgniter\CodeIgniter->createController()
#2 C:\xampp\htdocs\ikswp\system\CodeIgniter.php(312): CodeIgniter\CodeIgniter->handleRequest(NULL, Object(Config\Cache), false)
#3 C:\xampp\htdocs\ikswp\index.php(45): CodeIgniter\CodeIgniter->run()
#4 {main}
CRITICAL - 2020-12-18 23:08:49 --> Class 'App\Models\Models\CusotmerModel' not found
#0 C:\xampp\htdocs\ikswp\system\CodeIgniter.php(890): App\Controllers\Frontend\Home\Main->__construct()
#1 C:\xampp\htdocs\ikswp\system\CodeIgniter.php(399): CodeIgniter\CodeIgniter->createController()
#2 C:\xampp\htdocs\ikswp\system\CodeIgniter.php(312): CodeIgniter\CodeIgniter->handleRequest(NULL, Object(Config\Cache), false)
#3 C:\xampp\htdocs\ikswp\index.php(45): CodeIgniter\CodeIgniter->run()
#4 {main}
CRITICAL - 2020-12-18 23:08:51 --> Class 'App\Models\Models\CusotmerModel' not found
#0 C:\xampp\htdocs\ikswp\system\CodeIgniter.php(890): App\Controllers\Frontend\Home\Main->__construct()
#1 C:\xampp\htdocs\ikswp\system\CodeIgniter.php(399): CodeIgniter\CodeIgniter->createController()
#2 C:\xampp\htdocs\ikswp\system\CodeIgniter.php(312): CodeIgniter\CodeIgniter->handleRequest(NULL, Object(Config\Cache), false)
#3 C:\xampp\htdocs\ikswp\index.php(45): CodeIgniter\CodeIgniter->run()
#4 {main}
CRITICAL - 2020-12-18 23:09:03 --> Class '\CodeIgniter\Database\pdo\Connection' not found
#0 C:\xampp\htdocs\ikswp\system\Database\Config.php(115): CodeIgniter\Database\Database->load(Array, 'default')
#1 C:\xampp\htdocs\ikswp\system\Model.php(352): CodeIgniter\Database\Config::connect('default')
#2 C:\xampp\htdocs\ikswp\app\Controllers\Frontend\Home\Main.php(12): CodeIgniter\Model->__construct()
#3 C:\xampp\htdocs\ikswp\system\CodeIgniter.php(890): App\Controllers\Frontend\Home\Main->__construct()
#4 C:\xampp\htdocs\ikswp\system\CodeIgniter.php(399): CodeIgniter\CodeIgniter->createController()
#5 C:\xampp\htdocs\ikswp\system\CodeIgniter.php(312): CodeIgniter\CodeIgniter->handleRequest(NULL, Object(Config\Cache), false)
#6 C:\xampp\htdocs\ikswp\index.php(45): CodeIgniter\CodeIgniter->run()
#7 {main}
CRITICAL - 2020-12-18 23:09:53 --> Unable to connect to the database.
#0 C:\xampp\htdocs\ikswp\system\Database\BaseConnection.php(646): CodeIgniter\Database\BaseConnection->initialize()
#1 C:\xampp\htdocs\ikswp\system\Database\BaseBuilder.php(1860): CodeIgniter\Database\BaseConnection->query('SELECT *\nFROM "...', Array, false)
#2 C:\xampp\htdocs\ikswp\system\Model.php(462): CodeIgniter\Database\BaseBuilder->get()
#3 C:\xampp\htdocs\ikswp\app\Models\CusotmerModel.php(28): CodeIgniter\Model->findAll()
#4 C:\xampp\htdocs\ikswp\app\Controllers\Frontend\Home\Main.php(17): App\Models\CusotmerModel->get()
#5 C:\xampp\htdocs\ikswp\system\CodeIgniter.php(918): App\Controllers\Frontend\Home\Main->index()
#6 C:\xampp\htdocs\ikswp\system\CodeIgniter.php(404): CodeIgniter\CodeIgniter->runController(Object(App\Controllers\Frontend\Home\Main))
#7 C:\xampp\htdocs\ikswp\system\CodeIgniter.php(312): CodeIgniter\CodeIgniter->handleRequest(NULL, Object(Config\Cache), false)
#8 C:\xampp\htdocs\ikswp\index.php(45): CodeIgniter\CodeIgniter->run()
#9 {main}
CRITICAL - 2020-12-18 23:10:12 --> Unable to connect to the database.
#0 C:\xampp\htdocs\ikswp\system\Database\BaseConnection.php(646): CodeIgniter\Database\BaseConnection->initialize()
#1 C:\xampp\htdocs\ikswp\system\Database\BaseBuilder.php(1860): CodeIgniter\Database\BaseConnection->query('SELECT *\nFROM "...', Array, false)
#2 C:\xampp\htdocs\ikswp\system\Model.php(462): CodeIgniter\Database\BaseBuilder->get()
#3 C:\xampp\htdocs\ikswp\app\Models\CusotmerModel.php(28): CodeIgniter\Model->findAll()
#4 C:\xampp\htdocs\ikswp\app\Controllers\Frontend\Home\Main.php(17): App\Models\CusotmerModel->get()
#5 C:\xampp\htdocs\ikswp\system\CodeIgniter.php(918): App\Controllers\Frontend\Home\Main->index()
#6 C:\xampp\htdocs\ikswp\system\CodeIgniter.php(404): CodeIgniter\CodeIgniter->runController(Object(App\Controllers\Frontend\Home\Main))
#7 C:\xampp\htdocs\ikswp\system\CodeIgniter.php(312): CodeIgniter\CodeIgniter->handleRequest(NULL, Object(Config\Cache), false)
#8 C:\xampp\htdocs\ikswp\index.php(45): CodeIgniter\CodeIgniter->run()
#9 {main}
CRITICAL - 2020-12-18 23:10:13 --> Unable to connect to the database.
#0 C:\xampp\htdocs\ikswp\system\Database\BaseConnection.php(646): CodeIgniter\Database\BaseConnection->initialize()
#1 C:\xampp\htdocs\ikswp\system\Database\BaseBuilder.php(1860): CodeIgniter\Database\BaseConnection->query('SELECT *\nFROM "...', Array, false)
#2 C:\xampp\htdocs\ikswp\system\Model.php(462): CodeIgniter\Database\BaseBuilder->get()
#3 C:\xampp\htdocs\ikswp\app\Models\CusotmerModel.php(28): CodeIgniter\Model->findAll()
#4 C:\xampp\htdocs\ikswp\app\Controllers\Frontend\Home\Main.php(17): App\Models\CusotmerModel->get()
#5 C:\xampp\htdocs\ikswp\system\CodeIgniter.php(918): App\Controllers\Frontend\Home\Main->index()
#6 C:\xampp\htdocs\ikswp\system\CodeIgniter.php(404): CodeIgniter\CodeIgniter->runController(Object(App\Controllers\Frontend\Home\Main))
#7 C:\xampp\htdocs\ikswp\system\CodeIgniter.php(312): CodeIgniter\CodeIgniter->handleRequest(NULL, Object(Config\Cache), false)
#8 C:\xampp\htdocs\ikswp\index.php(45): CodeIgniter\CodeIgniter->run()
#9 {main}
CRITICAL - 2020-12-18 23:10:54 --> Unable to connect to the database.
#0 C:\xampp\htdocs\ikswp\system\Database\BaseConnection.php(646): CodeIgniter\Database\BaseConnection->initialize()
#1 C:\xampp\htdocs\ikswp\system\Database\BaseBuilder.php(1860): CodeIgniter\Database\BaseConnection->query('SELECT *\nFROM "...', Array, false)
#2 C:\xampp\htdocs\ikswp\system\Model.php(462): CodeIgniter\Database\BaseBuilder->get()
#3 C:\xampp\htdocs\ikswp\app\Models\CusotmerModel.php(28): CodeIgniter\Model->findAll()
#4 C:\xampp\htdocs\ikswp\app\Controllers\Frontend\Home\Main.php(17): App\Models\CusotmerModel->get()
#5 C:\xampp\htdocs\ikswp\system\CodeIgniter.php(918): App\Controllers\Frontend\Home\Main->index()
#6 C:\xampp\htdocs\ikswp\system\CodeIgniter.php(404): CodeIgniter\CodeIgniter->runController(Object(App\Controllers\Frontend\Home\Main))
#7 C:\xampp\htdocs\ikswp\system\CodeIgniter.php(312): CodeIgniter\CodeIgniter->handleRequest(NULL, Object(Config\Cache), false)
#8 C:\xampp\htdocs\ikswp\index.php(45): CodeIgniter\CodeIgniter->run()
#9 {main}
CRITICAL - 2020-12-18 23:11:15 --> Unable to connect to the database.
#0 C:\xampp\htdocs\ikswp\system\Database\BaseConnection.php(646): CodeIgniter\Database\BaseConnection->initialize()
#1 C:\xampp\htdocs\ikswp\system\Database\BaseBuilder.php(1860): CodeIgniter\Database\BaseConnection->query('SELECT *\nFROM "...', Array, false)
#2 C:\xampp\htdocs\ikswp\system\Model.php(462): CodeIgniter\Database\BaseBuilder->get()
#3 C:\xampp\htdocs\ikswp\app\Models\CusotmerModel.php(28): CodeIgniter\Model->findAll()
#4 C:\xampp\htdocs\ikswp\app\Controllers\Frontend\Home\Main.php(17): App\Models\CusotmerModel->get()
#5 C:\xampp\htdocs\ikswp\system\CodeIgniter.php(918): App\Controllers\Frontend\Home\Main->index()
#6 C:\xampp\htdocs\ikswp\system\CodeIgniter.php(404): CodeIgniter\CodeIgniter->runController(Object(App\Controllers\Frontend\Home\Main))
#7 C:\xampp\htdocs\ikswp\system\CodeIgniter.php(312): CodeIgniter\CodeIgniter->handleRequest(NULL, Object(Config\Cache), false)
#8 C:\xampp\htdocs\ikswp\index.php(45): CodeIgniter\CodeIgniter->run()
#9 {main}
CRITICAL - 2020-12-18 23:11:16 --> Unable to connect to the database.
#0 C:\xampp\htdocs\ikswp\system\Database\BaseConnection.php(646): CodeIgniter\Database\BaseConnection->initialize()
#1 C:\xampp\htdocs\ikswp\system\Database\BaseBuilder.php(1860): CodeIgniter\Database\BaseConnection->query('SELECT *\nFROM "...', Array, false)
#2 C:\xampp\htdocs\ikswp\system\Model.php(462): CodeIgniter\Database\BaseBuilder->get()
#3 C:\xampp\htdocs\ikswp\app\Models\CusotmerModel.php(28): CodeIgniter\Model->findAll()
#4 C:\xampp\htdocs\ikswp\app\Controllers\Frontend\Home\Main.php(17): App\Models\CusotmerModel->get()
#5 C:\xampp\htdocs\ikswp\system\CodeIgniter.php(918): App\Controllers\Frontend\Home\Main->index()
#6 C:\xampp\htdocs\ikswp\system\CodeIgniter.php(404): CodeIgniter\CodeIgniter->runController(Object(App\Controllers\Frontend\Home\Main))
#7 C:\xampp\htdocs\ikswp\system\CodeIgniter.php(312): CodeIgniter\CodeIgniter->handleRequest(NULL, Object(Config\Cache), false)
#8 C:\xampp\htdocs\ikswp\index.php(45): CodeIgniter\CodeIgniter->run()
#9 {main}
CRITICAL - 2020-12-18 23:11:41 --> Unable to connect to the database.
#0 C:\xampp\htdocs\ikswp\system\Database\BaseConnection.php(646): CodeIgniter\Database\BaseConnection->initialize()
#1 C:\xampp\htdocs\ikswp\system\Database\BaseBuilder.php(1860): CodeIgniter\Database\BaseConnection->query('SELECT *\nFROM "...', Array, false)
#2 C:\xampp\htdocs\ikswp\system\Model.php(462): CodeIgniter\Database\BaseBuilder->get()
#3 C:\xampp\htdocs\ikswp\app\Models\CusotmerModel.php(28): CodeIgniter\Model->findAll()
#4 C:\xampp\htdocs\ikswp\app\Controllers\Frontend\Home\Main.php(17): App\Models\CusotmerModel->get()
#5 C:\xampp\htdocs\ikswp\system\CodeIgniter.php(918): App\Controllers\Frontend\Home\Main->index()
#6 C:\xampp\htdocs\ikswp\system\CodeIgniter.php(404): CodeIgniter\CodeIgniter->runController(Object(App\Controllers\Frontend\Home\Main))
#7 C:\xampp\htdocs\ikswp\system\CodeIgniter.php(312): CodeIgniter\CodeIgniter->handleRequest(NULL, Object(Config\Cache), false)
#8 C:\xampp\htdocs\ikswp\index.php(45): CodeIgniter\CodeIgniter->run()
#9 {main}
CRITICAL - 2020-12-18 23:11:42 --> Unable to connect to the database.
#0 C:\xampp\htdocs\ikswp\system\Database\BaseConnection.php(646): CodeIgniter\Database\BaseConnection->initialize()
#1 C:\xampp\htdocs\ikswp\system\Database\BaseBuilder.php(1860): CodeIgniter\Database\BaseConnection->query('SELECT *\nFROM "...', Array, false)
#2 C:\xampp\htdocs\ikswp\system\Model.php(462): CodeIgniter\Database\BaseBuilder->get()
#3 C:\xampp\htdocs\ikswp\app\Models\CusotmerModel.php(28): CodeIgniter\Model->findAll()
#4 C:\xampp\htdocs\ikswp\app\Controllers\Frontend\Home\Main.php(17): App\Models\CusotmerModel->get()
#5 C:\xampp\htdocs\ikswp\system\CodeIgniter.php(918): App\Controllers\Frontend\Home\Main->index()
#6 C:\xampp\htdocs\ikswp\system\CodeIgniter.php(404): CodeIgniter\CodeIgniter->runController(Object(App\Controllers\Frontend\Home\Main))
#7 C:\xampp\htdocs\ikswp\system\CodeIgniter.php(312): CodeIgniter\CodeIgniter->handleRequest(NULL, Object(Config\Cache), false)
#8 C:\xampp\htdocs\ikswp\index.php(45): CodeIgniter\CodeIgniter->run()
#9 {main}
CRITICAL - 2020-12-18 23:12:08 --> Unable to connect to the database.
#0 C:\xampp\htdocs\ikswp\system\Database\BaseConnection.php(646): CodeIgniter\Database\BaseConnection->initialize()
#1 C:\xampp\htdocs\ikswp\system\Database\BaseBuilder.php(1860): CodeIgniter\Database\BaseConnection->query('SELECT *\nFROM "...', Array, false)
#2 C:\xampp\htdocs\ikswp\system\Model.php(462): CodeIgniter\Database\BaseBuilder->get()
#3 C:\xampp\htdocs\ikswp\app\Models\CusotmerModel.php(28): CodeIgniter\Model->findAll()
#4 C:\xampp\htdocs\ikswp\app\Controllers\Frontend\Home\Main.php(17): App\Models\CusotmerModel->get()
#5 C:\xampp\htdocs\ikswp\system\CodeIgniter.php(918): App\Controllers\Frontend\Home\Main->index()
#6 C:\xampp\htdocs\ikswp\system\CodeIgniter.php(404): CodeIgniter\CodeIgniter->runController(Object(App\Controllers\Frontend\Home\Main))
#7 C:\xampp\htdocs\ikswp\system\CodeIgniter.php(312): CodeIgniter\CodeIgniter->handleRequest(NULL, Object(Config\Cache), false)
#8 C:\xampp\htdocs\ikswp\index.php(45): CodeIgniter\CodeIgniter->run()
#9 {main}
CRITICAL - 2020-12-18 23:13:03 --> Unable to connect to the database.
#0 C:\xampp\htdocs\ikswp\system\Database\BaseConnection.php(646): CodeIgniter\Database\BaseConnection->initialize()
#1 C:\xampp\htdocs\ikswp\system\Database\BaseBuilder.php(1860): CodeIgniter\Database\BaseConnection->query('SELECT *\nFROM "...', Array, false)
#2 C:\xampp\htdocs\ikswp\system\Model.php(462): CodeIgniter\Database\BaseBuilder->get()
#3 C:\xampp\htdocs\ikswp\app\Models\CusotmerModel.php(28): CodeIgniter\Model->findAll()
#4 C:\xampp\htdocs\ikswp\app\Controllers\Frontend\Home\Main.php(17): App\Models\CusotmerModel->get()
#5 C:\xampp\htdocs\ikswp\system\CodeIgniter.php(918): App\Controllers\Frontend\Home\Main->index()
#6 C:\xampp\htdocs\ikswp\system\CodeIgniter.php(404): CodeIgniter\CodeIgniter->runController(Object(App\Controllers\Frontend\Home\Main))
#7 C:\xampp\htdocs\ikswp\system\CodeIgniter.php(312): CodeIgniter\CodeIgniter->handleRequest(NULL, Object(Config\Cache), false)
#8 C:\xampp\htdocs\ikswp\index.php(45): CodeIgniter\CodeIgniter->run()
#9 {main}
CRITICAL - 2020-12-18 23:13:51 --> Unable to connect to the database.
#0 C:\xampp\htdocs\ikswp\system\Database\BaseConnection.php(646): CodeIgniter\Database\BaseConnection->initialize()
#1 C:\xampp\htdocs\ikswp\system\Database\BaseBuilder.php(1860): CodeIgniter\Database\BaseConnection->query('SELECT *\nFROM "...', Array, false)
#2 C:\xampp\htdocs\ikswp\system\Model.php(462): CodeIgniter\Database\BaseBuilder->get()
#3 C:\xampp\htdocs\ikswp\app\Models\CusotmerModel.php(28): CodeIgniter\Model->findAll()
#4 C:\xampp\htdocs\ikswp\app\Controllers\Frontend\Home\Main.php(17): App\Models\CusotmerModel->get()
#5 C:\xampp\htdocs\ikswp\system\CodeIgniter.php(918): App\Controllers\Frontend\Home\Main->index()
#6 C:\xampp\htdocs\ikswp\system\CodeIgniter.php(404): CodeIgniter\CodeIgniter->runController(Object(App\Controllers\Frontend\Home\Main))
#7 C:\xampp\htdocs\ikswp\system\CodeIgniter.php(312): CodeIgniter\CodeIgniter->handleRequest(NULL, Object(Config\Cache), false)
#8 C:\xampp\htdocs\ikswp\index.php(45): CodeIgniter\CodeIgniter->run()
#9 {main}
CRITICAL - 2020-12-18 23:13:51 --> Unable to connect to the database.
#0 C:\xampp\htdocs\ikswp\system\Database\BaseConnection.php(646): CodeIgniter\Database\BaseConnection->initialize()
#1 C:\xampp\htdocs\ikswp\system\Database\BaseBuilder.php(1860): CodeIgniter\Database\BaseConnection->query('SELECT *\nFROM "...', Array, false)
#2 C:\xampp\htdocs\ikswp\system\Model.php(462): CodeIgniter\Database\BaseBuilder->get()
#3 C:\xampp\htdocs\ikswp\app\Models\CusotmerModel.php(28): CodeIgniter\Model->findAll()
#4 C:\xampp\htdocs\ikswp\app\Controllers\Frontend\Home\Main.php(17): App\Models\CusotmerModel->get()
#5 C:\xampp\htdocs\ikswp\system\CodeIgniter.php(918): App\Controllers\Frontend\Home\Main->index()
#6 C:\xampp\htdocs\ikswp\system\CodeIgniter.php(404): CodeIgniter\CodeIgniter->runController(Object(App\Controllers\Frontend\Home\Main))
#7 C:\xampp\htdocs\ikswp\system\CodeIgniter.php(312): CodeIgniter\CodeIgniter->handleRequest(NULL, Object(Config\Cache), false)
#8 C:\xampp\htdocs\ikswp\index.php(45): CodeIgniter\CodeIgniter->run()
#9 {main}
CRITICAL - 2020-12-18 23:17:24 --> Class '\CodeIgniter\Database\pgsql\Connection' not found
#0 C:\xampp\htdocs\ikswp\system\Database\Config.php(115): CodeIgniter\Database\Database->load(Array, 'default')
#1 C:\xampp\htdocs\ikswp\system\Model.php(352): CodeIgniter\Database\Config::connect('default')
#2 C:\xampp\htdocs\ikswp\app\Controllers\Frontend\Home\Main.php(12): CodeIgniter\Model->__construct()
#3 C:\xampp\htdocs\ikswp\system\CodeIgniter.php(890): App\Controllers\Frontend\Home\Main->__construct()
#4 C:\xampp\htdocs\ikswp\system\CodeIgniter.php(399): CodeIgniter\CodeIgniter->createController()
#5 C:\xampp\htdocs\ikswp\system\CodeIgniter.php(312): CodeIgniter\CodeIgniter->handleRequest(NULL, Object(Config\Cache), false)
#6 C:\xampp\htdocs\ikswp\index.php(45): CodeIgniter\CodeIgniter->run()
#7 {main}
CRITICAL - 2020-12-18 23:18:43 --> Unable to connect to the database.
#0 C:\xampp\htdocs\ikswp\system\Database\BaseConnection.php(646): CodeIgniter\Database\BaseConnection->initialize()
#1 C:\xampp\htdocs\ikswp\system\Database\BaseBuilder.php(1860): CodeIgniter\Database\BaseConnection->query('SELECT *\nFROM "...', Array, false)
#2 C:\xampp\htdocs\ikswp\system\Model.php(462): CodeIgniter\Database\BaseBuilder->get()
#3 C:\xampp\htdocs\ikswp\app\Models\CusotmerModel.php(28): CodeIgniter\Model->findAll()
#4 C:\xampp\htdocs\ikswp\app\Controllers\Frontend\Home\Main.php(17): App\Models\CusotmerModel->get()
#5 C:\xampp\htdocs\ikswp\system\CodeIgniter.php(918): App\Controllers\Frontend\Home\Main->index()
#6 C:\xampp\htdocs\ikswp\system\CodeIgniter.php(404): CodeIgniter\CodeIgniter->runController(Object(App\Controllers\Frontend\Home\Main))
#7 C:\xampp\htdocs\ikswp\system\CodeIgniter.php(312): CodeIgniter\CodeIgniter->handleRequest(NULL, Object(Config\Cache), false)
#8 C:\xampp\htdocs\ikswp\index.php(45): CodeIgniter\CodeIgniter->run()
#9 {main}
CRITICAL - 2020-12-18 23:18:54 --> Unable to connect to the database.
#0 C:\xampp\htdocs\ikswp\system\Database\BaseConnection.php(646): CodeIgniter\Database\BaseConnection->initialize()
#1 C:\xampp\htdocs\ikswp\system\Database\BaseBuilder.php(1860): CodeIgniter\Database\BaseConnection->query('SELECT *\nFROM "...', Array, false)
#2 C:\xampp\htdocs\ikswp\system\Model.php(462): CodeIgniter\Database\BaseBuilder->get()
#3 C:\xampp\htdocs\ikswp\app\Models\CusotmerModel.php(28): CodeIgniter\Model->findAll()
#4 C:\xampp\htdocs\ikswp\app\Controllers\Frontend\Home\Main.php(17): App\Models\CusotmerModel->get()
#5 C:\xampp\htdocs\ikswp\system\CodeIgniter.php(918): App\Controllers\Frontend\Home\Main->index()
#6 C:\xampp\htdocs\ikswp\system\CodeIgniter.php(404): CodeIgniter\CodeIgniter->runController(Object(App\Controllers\Frontend\Home\Main))
#7 C:\xampp\htdocs\ikswp\system\CodeIgniter.php(312): CodeIgniter\CodeIgniter->handleRequest(NULL, Object(Config\Cache), false)
#8 C:\xampp\htdocs\ikswp\index.php(45): CodeIgniter\CodeIgniter->run()
#9 {main}
CRITICAL - 2020-12-18 23:19:00 --> Unable to connect to the database.
#0 C:\xampp\htdocs\ikswp\system\Database\BaseConnection.php(646): CodeIgniter\Database\BaseConnection->initialize()
#1 C:\xampp\htdocs\ikswp\system\Database\BaseBuilder.php(1860): CodeIgniter\Database\BaseConnection->query('SELECT *\nFROM "...', Array, false)
#2 C:\xampp\htdocs\ikswp\system\Model.php(462): CodeIgniter\Database\BaseBuilder->get()
#3 C:\xampp\htdocs\ikswp\app\Models\CusotmerModel.php(28): CodeIgniter\Model->findAll()
#4 C:\xampp\htdocs\ikswp\app\Controllers\Frontend\Home\Main.php(17): App\Models\CusotmerModel->get()
#5 C:\xampp\htdocs\ikswp\system\CodeIgniter.php(918): App\Controllers\Frontend\Home\Main->index()
#6 C:\xampp\htdocs\ikswp\system\CodeIgniter.php(404): CodeIgniter\CodeIgniter->runController(Object(App\Controllers\Frontend\Home\Main))
#7 C:\xampp\htdocs\ikswp\system\CodeIgniter.php(312): CodeIgniter\CodeIgniter->handleRequest(NULL, Object(Config\Cache), false)
#8 C:\xampp\htdocs\ikswp\index.php(45): CodeIgniter\CodeIgniter->run()
#9 {main}
CRITICAL - 2020-12-18 23:19:24 --> Unable to connect to the database.
#0 C:\xampp\htdocs\ikswp\system\Database\BaseConnection.php(646): CodeIgniter\Database\BaseConnection->initialize()
#1 C:\xampp\htdocs\ikswp\system\Database\BaseBuilder.php(1860): CodeIgniter\Database\BaseConnection->query('SELECT *\nFROM "...', Array, false)
#2 C:\xampp\htdocs\ikswp\system\Model.php(462): CodeIgniter\Database\BaseBuilder->get()
#3 C:\xampp\htdocs\ikswp\app\Models\CusotmerModel.php(28): CodeIgniter\Model->findAll()
#4 C:\xampp\htdocs\ikswp\app\Controllers\Frontend\Home\Main.php(17): App\Models\CusotmerModel->get()
#5 C:\xampp\htdocs\ikswp\system\CodeIgniter.php(918): App\Controllers\Frontend\Home\Main->index()
#6 C:\xampp\htdocs\ikswp\system\CodeIgniter.php(404): CodeIgniter\CodeIgniter->runController(Object(App\Controllers\Frontend\Home\Main))
#7 C:\xampp\htdocs\ikswp\system\CodeIgniter.php(312): CodeIgniter\CodeIgniter->handleRequest(NULL, Object(Config\Cache), false)
#8 C:\xampp\htdocs\ikswp\index.php(45): CodeIgniter\CodeIgniter->run()
#9 {main}
CRITICAL - 2020-12-18 23:22:05 --> Unable to connect to the database.
#0 C:\xampp\htdocs\ikswp\system\Database\BaseConnection.php(646): CodeIgniter\Database\BaseConnection->initialize()
#1 C:\xampp\htdocs\ikswp\system\Database\BaseBuilder.php(1860): CodeIgniter\Database\BaseConnection->query('SELECT *\nFROM "...', Array, false)
#2 C:\xampp\htdocs\ikswp\system\Model.php(462): CodeIgniter\Database\BaseBuilder->get()
#3 C:\xampp\htdocs\ikswp\app\Models\CusotmerModel.php(28): CodeIgniter\Model->findAll()
#4 C:\xampp\htdocs\ikswp\app\Controllers\Frontend\Home\Main.php(17): App\Models\CusotmerModel->get()
#5 C:\xampp\htdocs\ikswp\system\CodeIgniter.php(918): App\Controllers\Frontend\Home\Main->index()
#6 C:\xampp\htdocs\ikswp\system\CodeIgniter.php(404): CodeIgniter\CodeIgniter->runController(Object(App\Controllers\Frontend\Home\Main))
#7 C:\xampp\htdocs\ikswp\system\CodeIgniter.php(312): CodeIgniter\CodeIgniter->handleRequest(NULL, Object(Config\Cache), false)
#8 C:\xampp\htdocs\ikswp\index.php(45): CodeIgniter\CodeIgniter->run()
#9 {main}
CRITICAL - 2020-12-18 23:22:12 --> Unable to connect to the database.
#0 C:\xampp\htdocs\ikswp\system\Database\BaseConnection.php(646): CodeIgniter\Database\BaseConnection->initialize()
#1 C:\xampp\htdocs\ikswp\system\Database\BaseBuilder.php(1860): CodeIgniter\Database\BaseConnection->query('SELECT *\nFROM "...', Array, false)
#2 C:\xampp\htdocs\ikswp\system\Model.php(462): CodeIgniter\Database\BaseBuilder->get()
#3 C:\xampp\htdocs\ikswp\app\Models\CusotmerModel.php(28): CodeIgniter\Model->findAll()
#4 C:\xampp\htdocs\ikswp\app\Controllers\Frontend\Home\Main.php(17): App\Models\CusotmerModel->get()
#5 C:\xampp\htdocs\ikswp\system\CodeIgniter.php(918): App\Controllers\Frontend\Home\Main->index()
#6 C:\xampp\htdocs\ikswp\system\CodeIgniter.php(404): CodeIgniter\CodeIgniter->runController(Object(App\Controllers\Frontend\Home\Main))
#7 C:\xampp\htdocs\ikswp\system\CodeIgniter.php(312): CodeIgniter\CodeIgniter->handleRequest(NULL, Object(Config\Cache), false)
#8 C:\xampp\htdocs\ikswp\index.php(45): CodeIgniter\CodeIgniter->run()
#9 {main}
CRITICAL - 2020-12-18 23:23:56 --> pg_query(): Query failed: ERROR:  relation &quot;pad_customer&quot; does not exist
LINE 2: FROM &quot;pad_customer&quot;
             ^
#0 [internal function]: CodeIgniter\Debug\Exceptions->errorHandler(2, 'pg_query(): Que...', 'C:\\xampp\\htdocs...', 196, Array)
#1 C:\xampp\htdocs\ikswp\system\Database\Postgre\Connection.php(196): pg_query(Resource id #106, 'SELECT *\nFROM "...')
#2 C:\xampp\htdocs\ikswp\system\Database\BaseConnection.php(741): CodeIgniter\Database\Postgre\Connection->execute('SELECT *\nFROM "...')
#3 C:\xampp\htdocs\ikswp\system\Database\BaseConnection.php(669): CodeIgniter\Database\BaseConnection->simpleQuery('SELECT *\nFROM "...')
#4 C:\xampp\htdocs\ikswp\system\Database\BaseBuilder.php(1860): CodeIgniter\Database\BaseConnection->query('SELECT *\nFROM "...', Array, false)
#5 C:\xampp\htdocs\ikswp\system\Model.php(462): CodeIgniter\Database\BaseBuilder->get()
#6 C:\xampp\htdocs\ikswp\app\Models\CusotmerModel.php(28): CodeIgniter\Model->findAll()
#7 C:\xampp\htdocs\ikswp\app\Controllers\Frontend\Home\Main.php(17): App\Models\CusotmerModel->get()
#8 C:\xampp\htdocs\ikswp\system\CodeIgniter.php(918): App\Controllers\Frontend\Home\Main->index()
#9 C:\xampp\htdocs\ikswp\system\CodeIgniter.php(404): CodeIgniter\CodeIgniter->runController(Object(App\Controllers\Frontend\Home\Main))
#10 C:\xampp\htdocs\ikswp\system\CodeIgniter.php(312): CodeIgniter\CodeIgniter->handleRequest(NULL, Object(Config\Cache), false)
#11 C:\xampp\htdocs\ikswp\index.php(45): CodeIgniter\CodeIgniter->run()
#12 {main}
CRITICAL - 2020-12-18 23:27:16 --> Allowed memory size of 536870912 bytes exhausted (tried to allocate 66260216 bytes)
#0 [internal function]: CodeIgniter\Debug\Exceptions->shutdownHandler()
#1 {main}
