CRITICAL - 2021-04-21 07:51:38 --> You have an error in your SQL syntax; check the manual that corresponds to your MariaDB server version for the right syntax to use near 'm').'
                    AND YEAR(ah.tanggal_kegiatan)='2021'
            ...' at line 3
#0 G:\xampp\htdocs\sicakap\system\Database\MySQLi\Connection.php(314): mysqli->query('SELECT id \r\n   ...')
#1 G:\xampp\htdocs\sicakap\system\Database\BaseConnection.php(713): CodeIgniter\Database\MySQLi\Connection->execute('SELECT id \r\n   ...')
#2 G:\xampp\htdocs\sicakap\system\Database\BaseConnection.php(641): CodeIgniter\Database\BaseConnection->simpleQuery('SELECT id \r\n   ...')
#3 G:\xampp\htdocs\sicakap\app\Models\EntrianData\AktivitasHarianModel.php(68): CodeIgniter\Database\BaseConnection->query('SELECT id \r\n   ...')
#4 G:\xampp\htdocs\sicakap\app\Controllers\Backend\EntrianData\AktivitasHarian.php(29): App\Models\EntrianData\AktivitasHarianModel->jumlahBarisPerStatus('Belum')
#5 G:\xampp\htdocs\sicakap\system\CodeIgniter.php(936): App\Controllers\Backend\EntrianData\AktivitasHarian->index()
#6 G:\xampp\htdocs\sicakap\system\CodeIgniter.php(432): CodeIgniter\CodeIgniter->runController(Object(App\Controllers\Backend\EntrianData\AktivitasHarian))
#7 G:\xampp\htdocs\sicakap\system\CodeIgniter.php(333): CodeIgniter\CodeIgniter->handleRequest(NULL, Object(Config\Cache), false)
#8 G:\xampp\htdocs\sicakap\index.php(45): CodeIgniter\CodeIgniter->run()
#9 {main}
CRITICAL - 2021-04-21 09:38:23 --> Undefined variable: data
#0 G:\xampp\htdocs\sicakap\app\Views\backend\entrian-data\aktivitas-harian\page-index.php(124): CodeIgniter\Debug\Exceptions->errorHandler(8, 'Undefined varia...', 'G:\\xampp\\htdocs...', 124, Array)
#1 G:\xampp\htdocs\sicakap\system\View\View.php(220): include('G:\\xampp\\htdocs...')
#2 G:\xampp\htdocs\sicakap\system\View\View.php(222): CodeIgniter\View\View->CodeIgniter\View\{closure}()
#3 G:\xampp\htdocs\sicakap\system\Common.php(1217): CodeIgniter\View\View->render('backend/entrian...', Array, true)
#4 G:\xampp\htdocs\sicakap\app\Controllers\Backend\EntrianData\AktivitasHarian.php(77): view('backend/entrian...', Array)
#5 G:\xampp\htdocs\sicakap\system\CodeIgniter.php(936): App\Controllers\Backend\EntrianData\AktivitasHarian->index()
#6 G:\xampp\htdocs\sicakap\system\CodeIgniter.php(432): CodeIgniter\CodeIgniter->runController(Object(App\Controllers\Backend\EntrianData\AktivitasHarian))
#7 G:\xampp\htdocs\sicakap\system\CodeIgniter.php(333): CodeIgniter\CodeIgniter->handleRequest(NULL, Object(Config\Cache), false)
#8 G:\xampp\htdocs\sicakap\index.php(45): CodeIgniter\CodeIgniter->run()
#9 {main}
CRITICAL - 2021-04-21 10:49:33 --> Undefined offset: 1
#0 G:\xampp\htdocs\sicakap\app\Controllers\Backend\Option\Users.php(145): CodeIgniter\Debug\Exceptions->errorHandler(8, 'Undefined offse...', 'G:\\xampp\\htdocs...', 145, Array)
#1 G:\xampp\htdocs\sicakap\system\CodeIgniter.php(936): App\Controllers\Backend\Option\Users->simpanLink()
#2 G:\xampp\htdocs\sicakap\system\CodeIgniter.php(432): CodeIgniter\CodeIgniter->runController(Object(App\Controllers\Backend\Option\Users))
#3 G:\xampp\htdocs\sicakap\system\CodeIgniter.php(333): CodeIgniter\CodeIgniter->handleRequest(NULL, Object(Config\Cache), false)
#4 G:\xampp\htdocs\sicakap\index.php(45): CodeIgniter\CodeIgniter->run()
#5 {main}
CRITICAL - 2021-04-21 11:01:27 --> Undefined index: nip_baru
#0 G:\xampp\htdocs\sicakap\app\Controllers\Backend\EntrianData\PeriodeSKP.php(65): CodeIgniter\Debug\Exceptions->errorHandler(8, 'Undefined index...', 'G:\\xampp\\htdocs...', 65, Array)
#1 G:\xampp\htdocs\sicakap\system\CodeIgniter.php(936): App\Controllers\Backend\EntrianData\PeriodeSKP->insert()
#2 G:\xampp\htdocs\sicakap\system\CodeIgniter.php(432): CodeIgniter\CodeIgniter->runController(Object(App\Controllers\Backend\EntrianData\PeriodeSKP))
#3 G:\xampp\htdocs\sicakap\system\CodeIgniter.php(333): CodeIgniter\CodeIgniter->handleRequest(NULL, Object(Config\Cache), false)
#4 G:\xampp\htdocs\sicakap\index.php(45): CodeIgniter\CodeIgniter->run()
#5 {main}
CRITICAL - 2021-04-21 11:01:52 --> Undefined index: nip_baru
#0 G:\xampp\htdocs\sicakap\app\Controllers\Backend\EntrianData\PeriodeSKP.php(65): CodeIgniter\Debug\Exceptions->errorHandler(8, 'Undefined index...', 'G:\\xampp\\htdocs...', 65, Array)
#1 G:\xampp\htdocs\sicakap\system\CodeIgniter.php(936): App\Controllers\Backend\EntrianData\PeriodeSKP->insert()
#2 G:\xampp\htdocs\sicakap\system\CodeIgniter.php(432): CodeIgniter\CodeIgniter->runController(Object(App\Controllers\Backend\EntrianData\PeriodeSKP))
#3 G:\xampp\htdocs\sicakap\system\CodeIgniter.php(333): CodeIgniter\CodeIgniter->handleRequest(NULL, Object(Config\Cache), false)
#4 G:\xampp\htdocs\sicakap\index.php(45): CodeIgniter\CodeIgniter->run()
#5 {main}
CRITICAL - 2021-04-21 11:03:52 --> Undefined index: nip_baru
#0 G:\xampp\htdocs\sicakap\app\Controllers\Backend\EntrianData\PeriodeSKP.php(65): CodeIgniter\Debug\Exceptions->errorHandler(8, 'Undefined index...', 'G:\\xampp\\htdocs...', 65, Array)
#1 G:\xampp\htdocs\sicakap\system\CodeIgniter.php(936): App\Controllers\Backend\EntrianData\PeriodeSKP->insert()
#2 G:\xampp\htdocs\sicakap\system\CodeIgniter.php(432): CodeIgniter\CodeIgniter->runController(Object(App\Controllers\Backend\EntrianData\PeriodeSKP))
#3 G:\xampp\htdocs\sicakap\system\CodeIgniter.php(333): CodeIgniter\CodeIgniter->handleRequest(NULL, Object(Config\Cache), false)
#4 G:\xampp\htdocs\sicakap\index.php(45): CodeIgniter\CodeIgniter->run()
#5 {main}
CRITICAL - 2021-04-21 11:04:35 --> Undefined index: jabatan_nm
#0 G:\xampp\htdocs\sicakap\app\Controllers\Backend\EntrianData\PeriodeSKP.php(69): CodeIgniter\Debug\Exceptions->errorHandler(8, 'Undefined index...', 'G:\\xampp\\htdocs...', 69, Array)
#1 G:\xampp\htdocs\sicakap\system\CodeIgniter.php(936): App\Controllers\Backend\EntrianData\PeriodeSKP->insert()
#2 G:\xampp\htdocs\sicakap\system\CodeIgniter.php(432): CodeIgniter\CodeIgniter->runController(Object(App\Controllers\Backend\EntrianData\PeriodeSKP))
#3 G:\xampp\htdocs\sicakap\system\CodeIgniter.php(333): CodeIgniter\CodeIgniter->handleRequest(NULL, Object(Config\Cache), false)
#4 G:\xampp\htdocs\sicakap\index.php(45): CodeIgniter\CodeIgniter->run()
#5 {main}
